<?xml version="1.0" encoding="UTF-8"?>
<!-- Generated by org.testng.reporters.JUnitXMLReporter -->
<testsuite hostname="KVRR" name="Test1" tests="6" failures="0" timestamp="4 May 2018 10:17:52 GMT" time="718.699" errors="0">
  <testcase name="createCustomer" time="166.577" classname="com.org.actiTime.task.TC001CreateCustomer"/>
  <testcase name="createProject" time="166.517" classname="com.org.actiTime.task.TC002CreateProject"/>
  <testcase name="createCustomersAndProjects" time="136.993" classname="com.org.actiTime.task.TC003CreateCustomerAndProject"/>
  <testcase name="createCustomersAndProjects" time="0.0" classname="com.org.actiTime.task.TC003CreateCustomerAndProject">
    <skipped/>
  </testcase> <!-- createCustomersAndProjects -->
  <testcase name="deleteProject" time="76.424" classname="com.org.actiTime.task.TC005DeleteProject"/>
  <testcase name="deleteCustomerAndProject" time="72.526" classname="com.org.actiTime.task.TC004DeleteCustomerAndProject"/>
</testsuite> <!-- Test1 -->
